<?xml version="1.0" encoding="UTF-8"?>
<!-- Generated by org.testng.reporters.JUnitReportReporter -->
<testsuite hostname="ELF34-ABHISHEKSB" failures="0" tests="1" name="testScripts.HomeTC" time="48.564" errors="0" timestamp="2022-06-14T00:17:22 IST" skipped="0">
  <testcase classname="testScripts.HomeTC" name="TC_03" time="48.564"/>
  <system-out/>
</testsuite> <!-- testScripts.HomeTC -->
