<?xml version="1.0" encoding="UTF-8"?>
<!-- Generated by org.testng.reporters.JUnitReportReporter -->
<testsuite hostname="ELF34-ABHISHEKSB" failures="0" tests="3" name="TYSS.WorkingWithDataProvider" time="0.031" errors="0" timestamp="2022-06-09T11:36:29 IST" skipped="0">
  <testcase classname="TYSS.WorkingWithDataProvider" name="TC" time="0.003"/>
  <system-out/>
  <testcase classname="TYSS.WorkingWithDataProvider" name="TC" time="0.025"/>
  <system-out/>
  <testcase classname="TYSS.WorkingWithDataProvider" name="TC" time="0.003"/>
  <system-out/>
</testsuite> <!-- TYSS.WorkingWithDataProvider -->
