<?xml version="1.0" encoding="UTF-8"?>
<!-- Generated by org.testng.reporters.JUnitReportReporter -->
<testsuite hostname="ELF34-ABHISHEKSB" failures="0" tests="1" name="testScripts.RegisterTC" time="0.000" errors="0" timestamp="2022-06-15T11:23:31 IST" skipped="1">
  <testcase classname="testScripts.RegisterTC" name="TC_02" time="0.000">
    <skipped/>
  </testcase> <!-- TC_02 -->
  <system-out/>
</testsuite> <!-- testScripts.RegisterTC -->
