<?xml version="1.0" encoding="UTF-8"?>
<!-- Generated by org.testng.reporters.JUnitReportReporter -->
<testsuite hostname="ELF34-ABHISHEKSB" failures="0" tests="1" name="AdvanceSelenium.ConfigurationAnnotationPractice" time="0.016" errors="0" timestamp="2022-06-07T09:55:09 IST" skipped="0">
  <testcase classname="AdvanceSelenium.ConfigurationAnnotationPractice" name="testng" time="0.016"/>
  <system-out/>
</testsuite> <!-- AdvanceSelenium.ConfigurationAnnotationPractice -->
