<?xml version="1.0" encoding="UTF-8"?>
<!-- Generated by org.testng.reporters.JUnitReportReporter -->
<testsuite hostname="ELF34-ABHISHEKSB" failures="0" tests="1" name="testScripts.LoginTC" time="20.483" errors="0" timestamp="2022-06-14T13:21:43 IST" skipped="0">
  <testcase classname="testScripts.LoginTC" name="TC_01" time="20.483"/>
  <system-out>
    <![CDATA[PASS : User is logged in]]>
  </system-out>
</testsuite> <!-- testScripts.LoginTC -->
