<?xml version="1.0" encoding="UTF-8"?>
<!-- Generated by org.testng.reporters.JUnitReportReporter -->
<testsuite hostname="ELF34-ABHISHEKSB" failures="0" tests="1" name="AdvanceSelenium.TestNGTestcase1" time="25.583" errors="0" timestamp="2022-06-06T17:09:19 IST" skipped="0">
  <testcase classname="AdvanceSelenium.TestNGTestcase1" name="Login" time="25.583"/>
  <system-out/>
</testsuite> <!-- AdvanceSelenium.TestNGTestcase1 -->
