<?xml version="1.0" encoding="UTF-8"?>
<!-- Generated by org.testng.reporters.JUnitReportReporter -->
<testsuite hostname="ELF34-ABHISHEKSB" failures="0" tests="1" name="TYSS.WorkingWithDataProvider1" time="0.000" errors="0" timestamp="2022-06-09T11:41:06 IST" skipped="1">
  <testcase classname="TYSS.WorkingWithDataProvider1" name="TC" time="0.000">
    <skipped/>
  </testcase> <!-- TC -->
  <system-out/>
</testsuite> <!-- TYSS.WorkingWithDataProvider1 -->
