<?xml version="1.0" encoding="UTF-8"?>
<!-- Generated by org.testng.reporters.JUnitReportReporter -->
<testsuite hostname="ELF34-ABHISHEKSB" failures="0" tests="2" name="TYSS.TestNGpractice" time="0.024" errors="0" timestamp="2022-06-06T17:04:02 IST" skipped="0">
  <testcase classname="TYSS.TestNGpractice" name="sample" time="0.005"/>
  <system-out/>
  <testcase classname="TYSS.TestNGpractice" name="demo" time="0.019"/>
  <system-out/>
</testsuite> <!-- TYSS.TestNGpractice -->
